2020-10-07 18:49:28,186 WARN  [SoapUI] Missing folder [C:\Users\mubayed\eclipse-workspace\SoapUIProjects\ext] for external libraries
2020-10-07 18:49:28,861 INFO  [DefaultSoapUICore] initialized soapui-settings from [C:\Users\mubayed\soapui-settings.xml]
2020-10-07 18:49:31,614 INFO  [Reflections] Reflections took 180 ms to scan 2 urls, producing 75 keys and 160 values 
2020-10-07 18:49:31,905 INFO  [Reflections] Reflections took 121 ms to scan 1 urls, producing 46 keys and 344 values 
2020-10-07 18:49:32,064 INFO  [Reflections] Reflections took 12 ms to scan 1 urls, producing 11 keys and 17 values 
2020-10-07 18:49:32,147 INFO  [Reflections] Reflections took 17 ms to scan 1 urls, producing 13 keys and 21 values 
2020-10-07 18:49:33,441 INFO  [Reflections] Reflections took 565 ms to scan 13 urls, producing 341 keys and 1458 values 
2020-10-07 18:49:33,555 INFO  [PluginManager] Adding plugin from [C:\Users\mubayed\.soapuios\plugins\ready-mqtt-plugin-dist.jar]
2020-10-07 18:49:33,555 INFO  [PluginManager] Adding plugin from [C:\Users\mubayed\.soapuios\plugins\soapui-swagger-plugin-2.2-dist.jar]
2020-10-07 18:49:33,682 INFO  [Reflections] Reflections took 64 ms to scan 2 urls, producing 75 keys and 160 values 
2020-10-07 18:49:34,045 INFO  [Reflections] Reflections took 243 ms to scan 13 urls, producing 341 keys and 1458 values 
2020-10-07 18:49:34,537 INFO  [Reflections] Reflections took 840 ms to scan 1 urls, producing 1492 keys and 5707 values 
2020-10-07 18:49:34,586 INFO  [PluginManager] Adding plugin from [C:\Users\mubayed\.soapuios\plugins\ready-uxm-plugin-os-1.0.3.jar]
2020-10-07 18:49:34,726 INFO  [Reflections] Reflections took 19 ms to scan 1 urls, producing 46 keys and 344 values 
2020-10-07 18:49:34,841 INFO  [Reflections] Reflections took 763 ms to scan 1 urls, producing 1492 keys and 5707 values 
2020-10-07 18:49:34,874 INFO  [PluginManager] Adding plugin from [C:\Users\mubayed\.soapuios\plugins\readyapi-postman-1.0.1.jar]
2020-10-07 18:49:34,889 INFO  [Reflections] Reflections took 8 ms to scan 1 urls, producing 11 keys and 17 values 
2020-10-07 18:49:35,327 INFO  [Reflections] Reflections took 594 ms to scan 1 urls, producing 1492 keys and 5707 values 
2020-10-07 18:49:35,393 INFO  [PluginManager] Adding plugin from [C:\Users\mubayed\.soapuios\plugins\readyapi-swaggerhub-plugin-1.0.jar]
2020-10-07 18:49:35,583 INFO  [Reflections] Reflections took 16 ms to scan 1 urls, producing 13 keys and 21 values 
2020-10-07 18:49:35,625 INFO  [Reflections] Reflections took 730 ms to scan 1 urls, producing 1492 keys and 5707 values 
2020-10-07 18:49:36,192 INFO  [Reflections] Reflections took 598 ms to scan 1 urls, producing 1492 keys and 5707 values 
2020-10-07 18:49:36,204 INFO  [PluginManager] 5 plugins loaded in 2726 ms
2020-10-07 18:49:36,204 INFO  [DefaultSoapUICore] All plugins loaded
2020-10-07 18:49:38,061 INFO  [WsdlProject] Loaded project from [file:/C:/Users/mubayed/Downloads/Automation-soapui-project.xml]
2020-10-07 18:49:40,585 INFO  [log] Get Rekt
2020-10-07 18:49:40,650 INFO  [log] Test Case Name is Toy
2020-10-07 18:49:40,650 INFO  [log] Test Case Age is 36
2020-10-07 18:49:40,750 INFO  [log] The Id is 123
2020-10-07 18:49:40,752 INFO  [log] His age is 45
2020-10-07 18:49:40,752 INFO  [log] The name of the department is IT
2020-10-07 18:49:40,752 INFO  [log] The pizza was of Queso
2020-10-07 18:49:40,797 INFO  [log] The name of the endpoint is http://localhost:8082/axis2/services/EmployeeManagementService.EmployeeManagementServiceHttpSoap12Endpoint/
2020-10-07 18:49:40,828 INFO  [log] the project gender is : M
2020-10-07 18:49:42,568 INFO  [WsdlProject] Loaded project from [file:/C:/Users/mubayed/Downloads/Automation-soapui-project.xml]
2020-10-07 18:49:42,750 INFO  [log] Get Rekt
2020-10-07 18:49:42,750 INFO  [log] Test Case Name is Toy
2020-10-07 18:49:42,750 INFO  [log] Test Case Age is 36
2020-10-07 18:49:42,751 INFO  [log] The Id is 123
2020-10-07 18:49:42,751 INFO  [log] His age is 45
2020-10-07 18:49:42,751 INFO  [log] The name of the department is IT
2020-10-07 18:49:42,752 INFO  [log] The pizza was of Queso
2020-10-07 18:49:42,753 INFO  [log] The name of the endpoint is http://localhost:8082/axis2/services/EmployeeManagementService.EmployeeManagementServiceHttpSoap12Endpoint/
2020-10-07 18:49:42,754 INFO  [log] the project gender is : M
2020-10-07 18:49:43,641 INFO  [WsdlProject] Loaded project from [file:/C:/Users/mubayed/Downloads/Automation-soapui-project.xml]
2020-10-07 18:49:44,120 INFO  [log] Get Rekt
2020-10-07 18:49:44,121 INFO  [log] Test Case Name is Toy
2020-10-07 18:49:44,121 INFO  [log] Test Case Age is 36
2020-10-07 18:49:44,121 INFO  [log] The Id is 123
2020-10-07 18:49:44,122 INFO  [log] His age is 45
2020-10-07 18:49:44,122 INFO  [log] The name of the department is IT
2020-10-07 18:49:44,122 INFO  [log] The pizza was of Queso
2020-10-07 18:49:44,122 INFO  [log] The name of the endpoint is http://localhost:8082/axis2/services/EmployeeManagementService.EmployeeManagementServiceHttpSoap12Endpoint/
2020-10-07 18:49:44,123 INFO  [log] the project gender is : M
2020-10-07 18:49:44,940 INFO  [WsdlProject] Loaded project from [file:/C:/Users/mubayed/Downloads/LibraryAPI.xml]
2020-10-07 18:50:00,197 WARN  [Tools] Could not delete temporary directory C:\Users\mubayed\AppData\Local\Temp\a8fa72bd-7643-4514-a745-7def409bb785
2020-10-07 18:50:00,241 WARN  [Tools] Could not delete temporary directory C:\Users\mubayed\AppData\Local\Temp\4c720d2f-13be-4670-8733-bd6dfd14b9b9
